[debug] [2021-01-27T23:11:19.903Z] ----------------------------------------------------------------------
[debug] [2021-01-27T23:11:19.905Z] Command:       C:\Program Files\nodejs\node.exe C:\Users\Justin\AppData\Roaming\npm\node_modules\firebase-tools\lib\bin\firebase.js init
[debug] [2021-01-27T23:11:19.905Z] CLI Version:   9.2.2
[debug] [2021-01-27T23:11:19.905Z] Platform:      win32
[debug] [2021-01-27T23:11:19.905Z] Node Version:  v14.15.0
[debug] [2021-01-27T23:11:19.906Z] Time:          Thu Jan 28 2021 07:11:19 GMT+0800 (Singapore Standard Time)
[debug] [2021-01-27T23:11:19.906Z] ----------------------------------------------------------------------
[debug] [2021-01-27T23:11:19.906Z] 
[debug] [2021-01-27T23:11:19.909Z] > command requires scopes: ["email","openid","https://www.googleapis.com/auth/cloudplatformprojects.readonly","https://www.googleapis.com/auth/firebase","https://www.googleapis.com/auth/cloud-platform"]
[debug] [2021-01-27T23:11:19.910Z] > authorizing via signed-in user
[info] 
     ######## #### ########  ######## ########     ###     ######  ########
     ##        ##  ##     ## ##       ##     ##  ##   ##  ##       ##
     ######    ##  ########  ######   ########  #########  ######  ######
     ##        ##  ##    ##  ##       ##     ## ##     ##       ## ##
     ##       #### ##     ## ######## ########  ##     ##  ######  ########

You're about to initialize a Firebase project in this directory:

  C:\Users\Justin\Documents\School\INFO490\clarity-app\clarity-frontend

Before we get started, keep in mind:

  * You are initializing in an existing Firebase project directory

